sample.interval=1000
"my_seq" "eval" "eval" "withVisible" "withCallingHandlers" "handle" "timing_fn" "evaluate_call" "evaluate" "in_dir" "block_exec" "call_block" "process_group.block" "process_group" "withCallingHandlers" "process_file" "knitr::knit" "rmarkdown::render" 
"c" "my_seq" "eval" "eval" "withVisible" "withCallingHandlers" "handle" "timing_fn" "evaluate_call" "evaluate" "in_dir" "block_exec" "call_block" "process_group.block" "process_group" "withCallingHandlers" "process_file" "knitr::knit" "rmarkdown::render" 
"mean.default" "mean" "my_seq" "eval" "eval" "withVisible" "withCallingHandlers" "handle" "timing_fn" "evaluate_call" "evaluate" "in_dir" "block_exec" "call_block" "process_group.block" "process_group" "withCallingHandlers" "process_file" "knitr::knit" "rmarkdown::render" 
"mean.default" "mean" "my_seq" "eval" "eval" "withVisible" "withCallingHandlers" "handle" "timing_fn" "evaluate_call" "evaluate" "in_dir" "block_exec" "call_block" "process_group.block" "process_group" "withCallingHandlers" "process_file" "knitr::knit" "rmarkdown::render" 
"c" "my_seq" "eval" "eval" "withVisible" "withCallingHandlers" "handle" "timing_fn" "evaluate_call" "evaluate" "in_dir" "block_exec" "call_block" "process_group.block" "process_group" "withCallingHandlers" "process_file" "knitr::knit" "rmarkdown::render" 
"c" "my_seq" "eval" "eval" "withVisible" "withCallingHandlers" "handle" "timing_fn" "evaluate_call" "evaluate" "in_dir" "block_exec" "call_block" "process_group.block" "process_group" "withCallingHandlers" "process_file" "knitr::knit" "rmarkdown::render" 
"c" "my_seq" "eval" "eval" "withVisible" "withCallingHandlers" "handle" "timing_fn" "evaluate_call" "evaluate" "in_dir" "block_exec" "call_block" "process_group.block" "process_group" "withCallingHandlers" "process_file" "knitr::knit" "rmarkdown::render" 
"mean" "my_seq" "eval" "eval" "withVisible" "withCallingHandlers" "handle" "timing_fn" "evaluate_call" "evaluate" "in_dir" "block_exec" "call_block" "process_group.block" "process_group" "withCallingHandlers" "process_file" "knitr::knit" "rmarkdown::render" 
"mean.default" "mean" "my_seq" "eval" "eval" "withVisible" "withCallingHandlers" "handle" "timing_fn" "evaluate_call" "evaluate" "in_dir" "block_exec" "call_block" "process_group.block" "process_group" "withCallingHandlers" "process_file" "knitr::knit" "rmarkdown::render" 
"mean" "my_seq" "eval" "eval" "withVisible" "withCallingHandlers" "handle" "timing_fn" "evaluate_call" "evaluate" "in_dir" "block_exec" "call_block" "process_group.block" "process_group" "withCallingHandlers" "process_file" "knitr::knit" "rmarkdown::render" 
"mean.default" "mean" "my_seq" "eval" "eval" "withVisible" "withCallingHandlers" "handle" "timing_fn" "evaluate_call" "evaluate" "in_dir" "block_exec" "call_block" "process_group.block" "process_group" "withCallingHandlers" "process_file" "knitr::knit" "rmarkdown::render" 
"c" "my_seq" "eval" "eval" "withVisible" "withCallingHandlers" "handle" "timing_fn" "evaluate_call" "evaluate" "in_dir" "block_exec" "call_block" "process_group.block" "process_group" "withCallingHandlers" "process_file" "knitr::knit" "rmarkdown::render" 
"c" "my_seq" "eval" "eval" "withVisible" "withCallingHandlers" "handle" "timing_fn" "evaluate_call" "evaluate" "in_dir" "block_exec" "call_block" "process_group.block" "process_group" "withCallingHandlers" "process_file" "knitr::knit" "rmarkdown::render" 
"c" "my_seq" "eval" "eval" "withVisible" "withCallingHandlers" "handle" "timing_fn" "evaluate_call" "evaluate" "in_dir" "block_exec" "call_block" "process_group.block" "process_group" "withCallingHandlers" "process_file" "knitr::knit" "rmarkdown::render" 
"is.numeric" "mean.default" "mean" "my_seq" "eval" "eval" "withVisible" "withCallingHandlers" "handle" "timing_fn" "evaluate_call" "evaluate" "in_dir" "block_exec" "call_block" "process_group.block" "process_group" "withCallingHandlers" "process_file" "knitr::knit" "rmarkdown::render" 
"c" "my_seq" "eval" "eval" "withVisible" "withCallingHandlers" "handle" "timing_fn" "evaluate_call" "evaluate" "in_dir" "block_exec" "call_block" "process_group.block" "process_group" "withCallingHandlers" "process_file" "knitr::knit" "rmarkdown::render" 
"c" "my_seq" "eval" "eval" "withVisible" "withCallingHandlers" "handle" "timing_fn" "evaluate_call" "evaluate" "in_dir" "block_exec" "call_block" "process_group.block" "process_group" "withCallingHandlers" "process_file" "knitr::knit" "rmarkdown::render" 
"c" "my_seq" "eval" "eval" "withVisible" "withCallingHandlers" "handle" "timing_fn" "evaluate_call" "evaluate" "in_dir" "block_exec" "call_block" "process_group.block" "process_group" "withCallingHandlers" "process_file" "knitr::knit" "rmarkdown::render" 
"c" "my_seq" "eval" "eval" "withVisible" "withCallingHandlers" "handle" "timing_fn" "evaluate_call" "evaluate" "in_dir" "block_exec" "call_block" "process_group.block" "process_group" "withCallingHandlers" "process_file" "knitr::knit" "rmarkdown::render" 
"c" "my_seq" "eval" "eval" "withVisible" "withCallingHandlers" "handle" "timing_fn" "evaluate_call" "evaluate" "in_dir" "block_exec" "call_block" "process_group.block" "process_group" "withCallingHandlers" "process_file" "knitr::knit" "rmarkdown::render" 
"c" "my_seq" "eval" "eval" "withVisible" "withCallingHandlers" "handle" "timing_fn" "evaluate_call" "evaluate" "in_dir" "block_exec" "call_block" "process_group.block" "process_group" "withCallingHandlers" "process_file" "knitr::knit" "rmarkdown::render" 
"mean.default" "mean" "my_seq" "eval" "eval" "withVisible" "withCallingHandlers" "handle" "timing_fn" "evaluate_call" "evaluate" "in_dir" "block_exec" "call_block" "process_group.block" "process_group" "withCallingHandlers" "process_file" "knitr::knit" "rmarkdown::render" 
"c" "my_seq" "eval" "eval" "withVisible" "withCallingHandlers" "handle" "timing_fn" "evaluate_call" "evaluate" "in_dir" "block_exec" "call_block" "process_group.block" "process_group" "withCallingHandlers" "process_file" "knitr::knit" "rmarkdown::render" 
"c" "my_seq" "eval" "eval" "withVisible" "withCallingHandlers" "handle" "timing_fn" "evaluate_call" "evaluate" "in_dir" "block_exec" "call_block" "process_group.block" "process_group" "withCallingHandlers" "process_file" "knitr::knit" "rmarkdown::render" 
"c" "my_seq" "eval" "eval" "withVisible" "withCallingHandlers" "handle" "timing_fn" "evaluate_call" "evaluate" "in_dir" "block_exec" "call_block" "process_group.block" "process_group" "withCallingHandlers" "process_file" "knitr::knit" "rmarkdown::render" 
"mean.default" "mean" "my_seq" "eval" "eval" "withVisible" "withCallingHandlers" "handle" "timing_fn" "evaluate_call" "evaluate" "in_dir" "block_exec" "call_block" "process_group.block" "process_group" "withCallingHandlers" "process_file" "knitr::knit" "rmarkdown::render" 
"c" "my_seq" "eval" "eval" "withVisible" "withCallingHandlers" "handle" "timing_fn" "evaluate_call" "evaluate" "in_dir" "block_exec" "call_block" "process_group.block" "process_group" "withCallingHandlers" "process_file" "knitr::knit" "rmarkdown::render" 
"c" "my_seq" "eval" "eval" "withVisible" "withCallingHandlers" "handle" "timing_fn" "evaluate_call" "evaluate" "in_dir" "block_exec" "call_block" "process_group.block" "process_group" "withCallingHandlers" "process_file" "knitr::knit" "rmarkdown::render" 
"c" "my_seq" "eval" "eval" "withVisible" "withCallingHandlers" "handle" "timing_fn" "evaluate_call" "evaluate" "in_dir" "block_exec" "call_block" "process_group.block" "process_group" "withCallingHandlers" "process_file" "knitr::knit" "rmarkdown::render" 
"my_seq" "eval" "eval" "withVisible" "withCallingHandlers" "handle" "timing_fn" "evaluate_call" "evaluate" "in_dir" "block_exec" "call_block" "process_group.block" "process_group" "withCallingHandlers" "process_file" "knitr::knit" "rmarkdown::render" 
"my_seq" "eval" "eval" "withVisible" "withCallingHandlers" "handle" "timing_fn" "evaluate_call" "evaluate" "in_dir" "block_exec" "call_block" "process_group.block" "process_group" "withCallingHandlers" "process_file" "knitr::knit" "rmarkdown::render" 
"c" "my_seq" "eval" "eval" "withVisible" "withCallingHandlers" "handle" "timing_fn" "evaluate_call" "evaluate" "in_dir" "block_exec" "call_block" "process_group.block" "process_group" "withCallingHandlers" "process_file" "knitr::knit" "rmarkdown::render" 
"c" "my_seq" "eval" "eval" "withVisible" "withCallingHandlers" "handle" "timing_fn" "evaluate_call" "evaluate" "in_dir" "block_exec" "call_block" "process_group.block" "process_group" "withCallingHandlers" "process_file" "knitr::knit" "rmarkdown::render" 
"c" "my_seq" "eval" "eval" "withVisible" "withCallingHandlers" "handle" "timing_fn" "evaluate_call" "evaluate" "in_dir" "block_exec" "call_block" "process_group.block" "process_group" "withCallingHandlers" "process_file" "knitr::knit" "rmarkdown::render" 
"c" "my_seq" "eval" "eval" "withVisible" "withCallingHandlers" "handle" "timing_fn" "evaluate_call" "evaluate" "in_dir" "block_exec" "call_block" "process_group.block" "process_group" "withCallingHandlers" "process_file" "knitr::knit" "rmarkdown::render" 
"mean.default" "mean" "my_seq" "eval" "eval" "withVisible" "withCallingHandlers" "handle" "timing_fn" "evaluate_call" "evaluate" "in_dir" "block_exec" "call_block" "process_group.block" "process_group" "withCallingHandlers" "process_file" "knitr::knit" "rmarkdown::render" 
"c" "my_seq" "eval" "eval" "withVisible" "withCallingHandlers" "handle" "timing_fn" "evaluate_call" "evaluate" "in_dir" "block_exec" "call_block" "process_group.block" "process_group" "withCallingHandlers" "process_file" "knitr::knit" "rmarkdown::render" 
"my_seq" "eval" "eval" "withVisible" "withCallingHandlers" "handle" "timing_fn" "evaluate_call" "evaluate" "in_dir" "block_exec" "call_block" "process_group.block" "process_group" "withCallingHandlers" "process_file" "knitr::knit" "rmarkdown::render" 
"mean" "my_seq" "eval" "eval" "withVisible" "withCallingHandlers" "handle" "timing_fn" "evaluate_call" "evaluate" "in_dir" "block_exec" "call_block" "process_group.block" "process_group" "withCallingHandlers" "process_file" "knitr::knit" "rmarkdown::render" 
"mean.default" "mean" "my_seq" "eval" "eval" "withVisible" "withCallingHandlers" "handle" "timing_fn" "evaluate_call" "evaluate" "in_dir" "block_exec" "call_block" "process_group.block" "process_group" "withCallingHandlers" "process_file" "knitr::knit" "rmarkdown::render" 
"c" "my_seq" "eval" "eval" "withVisible" "withCallingHandlers" "handle" "timing_fn" "evaluate_call" "evaluate" "in_dir" "block_exec" "call_block" "process_group.block" "process_group" "withCallingHandlers" "process_file" "knitr::knit" "rmarkdown::render" 
"c" "my_seq" "eval" "eval" "withVisible" "withCallingHandlers" "handle" "timing_fn" "evaluate_call" "evaluate" "in_dir" "block_exec" "call_block" "process_group.block" "process_group" "withCallingHandlers" "process_file" "knitr::knit" "rmarkdown::render" 
"c" "my_seq" "eval" "eval" "withVisible" "withCallingHandlers" "handle" "timing_fn" "evaluate_call" "evaluate" "in_dir" "block_exec" "call_block" "process_group.block" "process_group" "withCallingHandlers" "process_file" "knitr::knit" "rmarkdown::render" 
"c" "my_seq" "eval" "eval" "withVisible" "withCallingHandlers" "handle" "timing_fn" "evaluate_call" "evaluate" "in_dir" "block_exec" "call_block" "process_group.block" "process_group" "withCallingHandlers" "process_file" "knitr::knit" "rmarkdown::render" 
"mean.default" "mean" "my_seq" "eval" "eval" "withVisible" "withCallingHandlers" "handle" "timing_fn" "evaluate_call" "evaluate" "in_dir" "block_exec" "call_block" "process_group.block" "process_group" "withCallingHandlers" "process_file" "knitr::knit" "rmarkdown::render" 
"mean.default" "mean" "my_seq" "eval" "eval" "withVisible" "withCallingHandlers" "handle" "timing_fn" "evaluate_call" "evaluate" "in_dir" "block_exec" "call_block" "process_group.block" "process_group" "withCallingHandlers" "process_file" "knitr::knit" "rmarkdown::render" 
"c" "my_seq" "eval" "eval" "withVisible" "withCallingHandlers" "handle" "timing_fn" "evaluate_call" "evaluate" "in_dir" "block_exec" "call_block" "process_group.block" "process_group" "withCallingHandlers" "process_file" "knitr::knit" "rmarkdown::render" 
"c" "my_seq" "eval" "eval" "withVisible" "withCallingHandlers" "handle" "timing_fn" "evaluate_call" "evaluate" "in_dir" "block_exec" "call_block" "process_group.block" "process_group" "withCallingHandlers" "process_file" "knitr::knit" "rmarkdown::render" 
"c" "my_seq" "eval" "eval" "withVisible" "withCallingHandlers" "handle" "timing_fn" "evaluate_call" "evaluate" "in_dir" "block_exec" "call_block" "process_group.block" "process_group" "withCallingHandlers" "process_file" "knitr::knit" "rmarkdown::render" 
"c" "my_seq" "eval" "eval" "withVisible" "withCallingHandlers" "handle" "timing_fn" "evaluate_call" "evaluate" "in_dir" "block_exec" "call_block" "process_group.block" "process_group" "withCallingHandlers" "process_file" "knitr::knit" "rmarkdown::render" 
"c" "my_seq" "eval" "eval" "withVisible" "withCallingHandlers" "handle" "timing_fn" "evaluate_call" "evaluate" "in_dir" "block_exec" "call_block" "process_group.block" "process_group" "withCallingHandlers" "process_file" "knitr::knit" "rmarkdown::render" 
"c" "my_seq" "eval" "eval" "withVisible" "withCallingHandlers" "handle" "timing_fn" "evaluate_call" "evaluate" "in_dir" "block_exec" "call_block" "process_group.block" "process_group" "withCallingHandlers" "process_file" "knitr::knit" "rmarkdown::render" 
"c" "my_seq" "eval" "eval" "withVisible" "withCallingHandlers" "handle" "timing_fn" "evaluate_call" "evaluate" "in_dir" "block_exec" "call_block" "process_group.block" "process_group" "withCallingHandlers" "process_file" "knitr::knit" "rmarkdown::render" 
"c" "my_seq" "eval" "eval" "withVisible" "withCallingHandlers" "handle" "timing_fn" "evaluate_call" "evaluate" "in_dir" "block_exec" "call_block" "process_group.block" "process_group" "withCallingHandlers" "process_file" "knitr::knit" "rmarkdown::render" 
"c" "my_seq" "eval" "eval" "withVisible" "withCallingHandlers" "handle" "timing_fn" "evaluate_call" "evaluate" "in_dir" "block_exec" "call_block" "process_group.block" "process_group" "withCallingHandlers" "process_file" "knitr::knit" "rmarkdown::render" 
"c" "my_seq" "eval" "eval" "withVisible" "withCallingHandlers" "handle" "timing_fn" "evaluate_call" "evaluate" "in_dir" "block_exec" "call_block" "process_group.block" "process_group" "withCallingHandlers" "process_file" "knitr::knit" "rmarkdown::render" 
"c" "my_seq" "eval" "eval" "withVisible" "withCallingHandlers" "handle" "timing_fn" "evaluate_call" "evaluate" "in_dir" "block_exec" "call_block" "process_group.block" "process_group" "withCallingHandlers" "process_file" "knitr::knit" "rmarkdown::render" 
"c" "my_seq" "eval" "eval" "withVisible" "withCallingHandlers" "handle" "timing_fn" "evaluate_call" "evaluate" "in_dir" "block_exec" "call_block" "process_group.block" "process_group" "withCallingHandlers" "process_file" "knitr::knit" "rmarkdown::render" 
"c" "my_seq" "eval" "eval" "withVisible" "withCallingHandlers" "handle" "timing_fn" "evaluate_call" "evaluate" "in_dir" "block_exec" "call_block" "process_group.block" "process_group" "withCallingHandlers" "process_file" "knitr::knit" "rmarkdown::render" 
"c" "my_seq" "eval" "eval" "withVisible" "withCallingHandlers" "handle" "timing_fn" "evaluate_call" "evaluate" "in_dir" "block_exec" "call_block" "process_group.block" "process_group" "withCallingHandlers" "process_file" "knitr::knit" "rmarkdown::render" 
"c" "my_seq" "eval" "eval" "withVisible" "withCallingHandlers" "handle" "timing_fn" "evaluate_call" "evaluate" "in_dir" "block_exec" "call_block" "process_group.block" "process_group" "withCallingHandlers" "process_file" "knitr::knit" "rmarkdown::render" 
"c" "my_seq" "eval" "eval" "withVisible" "withCallingHandlers" "handle" "timing_fn" "evaluate_call" "evaluate" "in_dir" "block_exec" "call_block" "process_group.block" "process_group" "withCallingHandlers" "process_file" "knitr::knit" "rmarkdown::render" 
"my_seq" "eval" "eval" "withVisible" "withCallingHandlers" "handle" "timing_fn" "evaluate_call" "evaluate" "in_dir" "block_exec" "call_block" "process_group.block" "process_group" "withCallingHandlers" "process_file" "knitr::knit" "rmarkdown::render" 
"c" "my_seq" "eval" "eval" "withVisible" "withCallingHandlers" "handle" "timing_fn" "evaluate_call" "evaluate" "in_dir" "block_exec" "call_block" "process_group.block" "process_group" "withCallingHandlers" "process_file" "knitr::knit" "rmarkdown::render" 
"c" "my_seq" "eval" "eval" "withVisible" "withCallingHandlers" "handle" "timing_fn" "evaluate_call" "evaluate" "in_dir" "block_exec" "call_block" "process_group.block" "process_group" "withCallingHandlers" "process_file" "knitr::knit" "rmarkdown::render" 
"c" "my_seq" "eval" "eval" "withVisible" "withCallingHandlers" "handle" "timing_fn" "evaluate_call" "evaluate" "in_dir" "block_exec" "call_block" "process_group.block" "process_group" "withCallingHandlers" "process_file" "knitr::knit" "rmarkdown::render" 
"c" "my_seq" "eval" "eval" "withVisible" "withCallingHandlers" "handle" "timing_fn" "evaluate_call" "evaluate" "in_dir" "block_exec" "call_block" "process_group.block" "process_group" "withCallingHandlers" "process_file" "knitr::knit" "rmarkdown::render" 
"c" "my_seq" "eval" "eval" "withVisible" "withCallingHandlers" "handle" "timing_fn" "evaluate_call" "evaluate" "in_dir" "block_exec" "call_block" "process_group.block" "process_group" "withCallingHandlers" "process_file" "knitr::knit" "rmarkdown::render" 
"c" "my_seq" "eval" "eval" "withVisible" "withCallingHandlers" "handle" "timing_fn" "evaluate_call" "evaluate" "in_dir" "block_exec" "call_block" "process_group.block" "process_group" "withCallingHandlers" "process_file" "knitr::knit" "rmarkdown::render" 
"c" "my_seq" "eval" "eval" "withVisible" "withCallingHandlers" "handle" "timing_fn" "evaluate_call" "evaluate" "in_dir" "block_exec" "call_block" "process_group.block" "process_group" "withCallingHandlers" "process_file" "knitr::knit" "rmarkdown::render" 
"c" "my_seq" "eval" "eval" "withVisible" "withCallingHandlers" "handle" "timing_fn" "evaluate_call" "evaluate" "in_dir" "block_exec" "call_block" "process_group.block" "process_group" "withCallingHandlers" "process_file" "knitr::knit" "rmarkdown::render" 
"c" "my_seq" "eval" "eval" "withVisible" "withCallingHandlers" "handle" "timing_fn" "evaluate_call" "evaluate" "in_dir" "block_exec" "call_block" "process_group.block" "process_group" "withCallingHandlers" "process_file" "knitr::knit" "rmarkdown::render" 
"mean.default" "mean" "my_seq" "eval" "eval" "withVisible" "withCallingHandlers" "handle" "timing_fn" "evaluate_call" "evaluate" "in_dir" "block_exec" "call_block" "process_group.block" "process_group" "withCallingHandlers" "process_file" "knitr::knit" "rmarkdown::render" 
"mean.default" "mean" "my_seq" "eval" "eval" "withVisible" "withCallingHandlers" "handle" "timing_fn" "evaluate_call" "evaluate" "in_dir" "block_exec" "call_block" "process_group.block" "process_group" "withCallingHandlers" "process_file" "knitr::knit" "rmarkdown::render" 
"c" "my_seq" "eval" "eval" "withVisible" "withCallingHandlers" "handle" "timing_fn" "evaluate_call" "evaluate" "in_dir" "block_exec" "call_block" "process_group.block" "process_group" "withCallingHandlers" "process_file" "knitr::knit" "rmarkdown::render" 
"c" "my_seq" "eval" "eval" "withVisible" "withCallingHandlers" "handle" "timing_fn" "evaluate_call" "evaluate" "in_dir" "block_exec" "call_block" "process_group.block" "process_group" "withCallingHandlers" "process_file" "knitr::knit" "rmarkdown::render" 
"c" "my_seq" "eval" "eval" "withVisible" "withCallingHandlers" "handle" "timing_fn" "evaluate_call" "evaluate" "in_dir" "block_exec" "call_block" "process_group.block" "process_group" "withCallingHandlers" "process_file" "knitr::knit" "rmarkdown::render" 
"mean" "my_seq" "eval" "eval" "withVisible" "withCallingHandlers" "handle" "timing_fn" "evaluate_call" "evaluate" "in_dir" "block_exec" "call_block" "process_group.block" "process_group" "withCallingHandlers" "process_file" "knitr::knit" "rmarkdown::render" 
"my_seq" "eval" "eval" "withVisible" "withCallingHandlers" "handle" "timing_fn" "evaluate_call" "evaluate" "in_dir" "block_exec" "call_block" "process_group.block" "process_group" "withCallingHandlers" "process_file" "knitr::knit" "rmarkdown::render" 
"c" "my_seq" "eval" "eval" "withVisible" "withCallingHandlers" "handle" "timing_fn" "evaluate_call" "evaluate" "in_dir" "block_exec" "call_block" "process_group.block" "process_group" "withCallingHandlers" "process_file" "knitr::knit" "rmarkdown::render" 
"mean" "my_seq" "eval" "eval" "withVisible" "withCallingHandlers" "handle" "timing_fn" "evaluate_call" "evaluate" "in_dir" "block_exec" "call_block" "process_group.block" "process_group" "withCallingHandlers" "process_file" "knitr::knit" "rmarkdown::render" 
"c" "my_seq" "eval" "eval" "withVisible" "withCallingHandlers" "handle" "timing_fn" "evaluate_call" "evaluate" "in_dir" "block_exec" "call_block" "process_group.block" "process_group" "withCallingHandlers" "process_file" "knitr::knit" "rmarkdown::render" 
"mean" "my_seq" "eval" "eval" "withVisible" "withCallingHandlers" "handle" "timing_fn" "evaluate_call" "evaluate" "in_dir" "block_exec" "call_block" "process_group.block" "process_group" "withCallingHandlers" "process_file" "knitr::knit" "rmarkdown::render" 
"c" "my_seq" "eval" "eval" "withVisible" "withCallingHandlers" "handle" "timing_fn" "evaluate_call" "evaluate" "in_dir" "block_exec" "call_block" "process_group.block" "process_group" "withCallingHandlers" "process_file" "knitr::knit" "rmarkdown::render" 
"mean" "my_seq" "eval" "eval" "withVisible" "withCallingHandlers" "handle" "timing_fn" "evaluate_call" "evaluate" "in_dir" "block_exec" "call_block" "process_group.block" "process_group" "withCallingHandlers" "process_file" "knitr::knit" "rmarkdown::render" 
"c" "my_seq" "eval" "eval" "withVisible" "withCallingHandlers" "handle" "timing_fn" "evaluate_call" "evaluate" "in_dir" "block_exec" "call_block" "process_group.block" "process_group" "withCallingHandlers" "process_file" "knitr::knit" "rmarkdown::render" 
"c" "my_seq" "eval" "eval" "withVisible" "withCallingHandlers" "handle" "timing_fn" "evaluate_call" "evaluate" "in_dir" "block_exec" "call_block" "process_group.block" "process_group" "withCallingHandlers" "process_file" "knitr::knit" "rmarkdown::render" 
"c" "my_seq" "eval" "eval" "withVisible" "withCallingHandlers" "handle" "timing_fn" "evaluate_call" "evaluate" "in_dir" "block_exec" "call_block" "process_group.block" "process_group" "withCallingHandlers" "process_file" "knitr::knit" "rmarkdown::render" 
"c" "my_seq" "eval" "eval" "withVisible" "withCallingHandlers" "handle" "timing_fn" "evaluate_call" "evaluate" "in_dir" "block_exec" "call_block" "process_group.block" "process_group" "withCallingHandlers" "process_file" "knitr::knit" "rmarkdown::render" 
"c" "my_seq" "eval" "eval" "withVisible" "withCallingHandlers" "handle" "timing_fn" "evaluate_call" "evaluate" "in_dir" "block_exec" "call_block" "process_group.block" "process_group" "withCallingHandlers" "process_file" "knitr::knit" "rmarkdown::render" 
"c" "my_seq" "eval" "eval" "withVisible" "withCallingHandlers" "handle" "timing_fn" "evaluate_call" "evaluate" "in_dir" "block_exec" "call_block" "process_group.block" "process_group" "withCallingHandlers" "process_file" "knitr::knit" "rmarkdown::render" 
"c" "my_seq" "eval" "eval" "withVisible" "withCallingHandlers" "handle" "timing_fn" "evaluate_call" "evaluate" "in_dir" "block_exec" "call_block" "process_group.block" "process_group" "withCallingHandlers" "process_file" "knitr::knit" "rmarkdown::render" 
"c" "my_seq" "eval" "eval" "withVisible" "withCallingHandlers" "handle" "timing_fn" "evaluate_call" "evaluate" "in_dir" "block_exec" "call_block" "process_group.block" "process_group" "withCallingHandlers" "process_file" "knitr::knit" "rmarkdown::render" 
"c" "my_seq" "eval" "eval" "withVisible" "withCallingHandlers" "handle" "timing_fn" "evaluate_call" "evaluate" "in_dir" "block_exec" "call_block" "process_group.block" "process_group" "withCallingHandlers" "process_file" "knitr::knit" "rmarkdown::render" 
"c" "my_seq" "eval" "eval" "withVisible" "withCallingHandlers" "handle" "timing_fn" "evaluate_call" "evaluate" "in_dir" "block_exec" "call_block" "process_group.block" "process_group" "withCallingHandlers" "process_file" "knitr::knit" "rmarkdown::render" 
"c" "my_seq" "eval" "eval" "withVisible" "withCallingHandlers" "handle" "timing_fn" "evaluate_call" "evaluate" "in_dir" "block_exec" "call_block" "process_group.block" "process_group" "withCallingHandlers" "process_file" "knitr::knit" "rmarkdown::render" 
"c" "my_seq" "eval" "eval" "withVisible" "withCallingHandlers" "handle" "timing_fn" "evaluate_call" "evaluate" "in_dir" "block_exec" "call_block" "process_group.block" "process_group" "withCallingHandlers" "process_file" "knitr::knit" "rmarkdown::render" 
"c" "my_seq" "eval" "eval" "withVisible" "withCallingHandlers" "handle" "timing_fn" "evaluate_call" "evaluate" "in_dir" "block_exec" "call_block" "process_group.block" "process_group" "withCallingHandlers" "process_file" "knitr::knit" "rmarkdown::render" 
"c" "my_seq" "eval" "eval" "withVisible" "withCallingHandlers" "handle" "timing_fn" "evaluate_call" "evaluate" "in_dir" "block_exec" "call_block" "process_group.block" "process_group" "withCallingHandlers" "process_file" "knitr::knit" "rmarkdown::render" 
"c" "my_seq" "eval" "eval" "withVisible" "withCallingHandlers" "handle" "timing_fn" "evaluate_call" "evaluate" "in_dir" "block_exec" "call_block" "process_group.block" "process_group" "withCallingHandlers" "process_file" "knitr::knit" "rmarkdown::render" 
"c" "my_seq" "eval" "eval" "withVisible" "withCallingHandlers" "handle" "timing_fn" "evaluate_call" "evaluate" "in_dir" "block_exec" "call_block" "process_group.block" "process_group" "withCallingHandlers" "process_file" "knitr::knit" "rmarkdown::render" 
"mean.default" "mean" "my_seq" "eval" "eval" "withVisible" "withCallingHandlers" "handle" "timing_fn" "evaluate_call" "evaluate" "in_dir" "block_exec" "call_block" "process_group.block" "process_group" "withCallingHandlers" "process_file" "knitr::knit" "rmarkdown::render" 
"c" "my_seq" "eval" "eval" "withVisible" "withCallingHandlers" "handle" "timing_fn" "evaluate_call" "evaluate" "in_dir" "block_exec" "call_block" "process_group.block" "process_group" "withCallingHandlers" "process_file" "knitr::knit" "rmarkdown::render" 
"c" "my_seq" "eval" "eval" "withVisible" "withCallingHandlers" "handle" "timing_fn" "evaluate_call" "evaluate" "in_dir" "block_exec" "call_block" "process_group.block" "process_group" "withCallingHandlers" "process_file" "knitr::knit" "rmarkdown::render" 
"mean.default" "mean" "my_seq" "eval" "eval" "withVisible" "withCallingHandlers" "handle" "timing_fn" "evaluate_call" "evaluate" "in_dir" "block_exec" "call_block" "process_group.block" "process_group" "withCallingHandlers" "process_file" "knitr::knit" "rmarkdown::render" 
"c" "my_seq" "eval" "eval" "withVisible" "withCallingHandlers" "handle" "timing_fn" "evaluate_call" "evaluate" "in_dir" "block_exec" "call_block" "process_group.block" "process_group" "withCallingHandlers" "process_file" "knitr::knit" "rmarkdown::render" 
"c" "my_seq" "eval" "eval" "withVisible" "withCallingHandlers" "handle" "timing_fn" "evaluate_call" "evaluate" "in_dir" "block_exec" "call_block" "process_group.block" "process_group" "withCallingHandlers" "process_file" "knitr::knit" "rmarkdown::render" 
"c" "my_seq" "eval" "eval" "withVisible" "withCallingHandlers" "handle" "timing_fn" "evaluate_call" "evaluate" "in_dir" "block_exec" "call_block" "process_group.block" "process_group" "withCallingHandlers" "process_file" "knitr::knit" "rmarkdown::render" 
"c" "my_seq" "eval" "eval" "withVisible" "withCallingHandlers" "handle" "timing_fn" "evaluate_call" "evaluate" "in_dir" "block_exec" "call_block" "process_group.block" "process_group" "withCallingHandlers" "process_file" "knitr::knit" "rmarkdown::render" 
"c" "my_seq" "eval" "eval" "withVisible" "withCallingHandlers" "handle" "timing_fn" "evaluate_call" "evaluate" "in_dir" "block_exec" "call_block" "process_group.block" "process_group" "withCallingHandlers" "process_file" "knitr::knit" "rmarkdown::render" 
"c" "my_seq" "eval" "eval" "withVisible" "withCallingHandlers" "handle" "timing_fn" "evaluate_call" "evaluate" "in_dir" "block_exec" "call_block" "process_group.block" "process_group" "withCallingHandlers" "process_file" "knitr::knit" "rmarkdown::render" 
"c" "my_seq" "eval" "eval" "withVisible" "withCallingHandlers" "handle" "timing_fn" "evaluate_call" "evaluate" "in_dir" "block_exec" "call_block" "process_group.block" "process_group" "withCallingHandlers" "process_file" "knitr::knit" "rmarkdown::render" 
"mean" "my_seq" "eval" "eval" "withVisible" "withCallingHandlers" "handle" "timing_fn" "evaluate_call" "evaluate" "in_dir" "block_exec" "call_block" "process_group.block" "process_group" "withCallingHandlers" "process_file" "knitr::knit" "rmarkdown::render" 
"c" "my_seq" "eval" "eval" "withVisible" "withCallingHandlers" "handle" "timing_fn" "evaluate_call" "evaluate" "in_dir" "block_exec" "call_block" "process_group.block" "process_group" "withCallingHandlers" "process_file" "knitr::knit" "rmarkdown::render" 
"mean" "my_seq" "eval" "eval" "withVisible" "withCallingHandlers" "handle" "timing_fn" "evaluate_call" "evaluate" "in_dir" "block_exec" "call_block" "process_group.block" "process_group" "withCallingHandlers" "process_file" "knitr::knit" "rmarkdown::render" 
"c" "my_seq" "eval" "eval" "withVisible" "withCallingHandlers" "handle" "timing_fn" "evaluate_call" "evaluate" "in_dir" "block_exec" "call_block" "process_group.block" "process_group" "withCallingHandlers" "process_file" "knitr::knit" "rmarkdown::render" 
"c" "my_seq" "eval" "eval" "withVisible" "withCallingHandlers" "handle" "timing_fn" "evaluate_call" "evaluate" "in_dir" "block_exec" "call_block" "process_group.block" "process_group" "withCallingHandlers" "process_file" "knitr::knit" "rmarkdown::render" 
"c" "my_seq" "eval" "eval" "withVisible" "withCallingHandlers" "handle" "timing_fn" "evaluate_call" "evaluate" "in_dir" "block_exec" "call_block" "process_group.block" "process_group" "withCallingHandlers" "process_file" "knitr::knit" "rmarkdown::render" 
"mean.default" "mean" "my_seq" "eval" "eval" "withVisible" "withCallingHandlers" "handle" "timing_fn" "evaluate_call" "evaluate" "in_dir" "block_exec" "call_block" "process_group.block" "process_group" "withCallingHandlers" "process_file" "knitr::knit" "rmarkdown::render" 
"c" "my_seq" "eval" "eval" "withVisible" "withCallingHandlers" "handle" "timing_fn" "evaluate_call" "evaluate" "in_dir" "block_exec" "call_block" "process_group.block" "process_group" "withCallingHandlers" "process_file" "knitr::knit" "rmarkdown::render" 
"c" "my_seq" "eval" "eval" "withVisible" "withCallingHandlers" "handle" "timing_fn" "evaluate_call" "evaluate" "in_dir" "block_exec" "call_block" "process_group.block" "process_group" "withCallingHandlers" "process_file" "knitr::knit" "rmarkdown::render" 
"c" "my_seq" "eval" "eval" "withVisible" "withCallingHandlers" "handle" "timing_fn" "evaluate_call" "evaluate" "in_dir" "block_exec" "call_block" "process_group.block" "process_group" "withCallingHandlers" "process_file" "knitr::knit" "rmarkdown::render" 
"c" "my_seq" "eval" "eval" "withVisible" "withCallingHandlers" "handle" "timing_fn" "evaluate_call" "evaluate" "in_dir" "block_exec" "call_block" "process_group.block" "process_group" "withCallingHandlers" "process_file" "knitr::knit" "rmarkdown::render" 
"c" "my_seq" "eval" "eval" "withVisible" "withCallingHandlers" "handle" "timing_fn" "evaluate_call" "evaluate" "in_dir" "block_exec" "call_block" "process_group.block" "process_group" "withCallingHandlers" "process_file" "knitr::knit" "rmarkdown::render" 
"c" "my_seq" "eval" "eval" "withVisible" "withCallingHandlers" "handle" "timing_fn" "evaluate_call" "evaluate" "in_dir" "block_exec" "call_block" "process_group.block" "process_group" "withCallingHandlers" "process_file" "knitr::knit" "rmarkdown::render" 
"c" "my_seq" "eval" "eval" "withVisible" "withCallingHandlers" "handle" "timing_fn" "evaluate_call" "evaluate" "in_dir" "block_exec" "call_block" "process_group.block" "process_group" "withCallingHandlers" "process_file" "knitr::knit" "rmarkdown::render" 
"c" "my_seq" "eval" "eval" "withVisible" "withCallingHandlers" "handle" "timing_fn" "evaluate_call" "evaluate" "in_dir" "block_exec" "call_block" "process_group.block" "process_group" "withCallingHandlers" "process_file" "knitr::knit" "rmarkdown::render" 
"mean" "my_seq" "eval" "eval" "withVisible" "withCallingHandlers" "handle" "timing_fn" "evaluate_call" "evaluate" "in_dir" "block_exec" "call_block" "process_group.block" "process_group" "withCallingHandlers" "process_file" "knitr::knit" "rmarkdown::render" 
"c" "my_seq" "eval" "eval" "withVisible" "withCallingHandlers" "handle" "timing_fn" "evaluate_call" "evaluate" "in_dir" "block_exec" "call_block" "process_group.block" "process_group" "withCallingHandlers" "process_file" "knitr::knit" "rmarkdown::render" 
"mean.default" "mean" "my_seq" "eval" "eval" "withVisible" "withCallingHandlers" "handle" "timing_fn" "evaluate_call" "evaluate" "in_dir" "block_exec" "call_block" "process_group.block" "process_group" "withCallingHandlers" "process_file" "knitr::knit" "rmarkdown::render" 
"c" "my_seq" "eval" "eval" "withVisible" "withCallingHandlers" "handle" "timing_fn" "evaluate_call" "evaluate" "in_dir" "block_exec" "call_block" "process_group.block" "process_group" "withCallingHandlers" "process_file" "knitr::knit" "rmarkdown::render" 
"c" "my_seq" "eval" "eval" "withVisible" "withCallingHandlers" "handle" "timing_fn" "evaluate_call" "evaluate" "in_dir" "block_exec" "call_block" "process_group.block" "process_group" "withCallingHandlers" "process_file" "knitr::knit" "rmarkdown::render" 
"c" "my_seq" "eval" "eval" "withVisible" "withCallingHandlers" "handle" "timing_fn" "evaluate_call" "evaluate" "in_dir" "block_exec" "call_block" "process_group.block" "process_group" "withCallingHandlers" "process_file" "knitr::knit" "rmarkdown::render" 
"mean.default" "mean" "my_seq" "eval" "eval" "withVisible" "withCallingHandlers" "handle" "timing_fn" "evaluate_call" "evaluate" "in_dir" "block_exec" "call_block" "process_group.block" "process_group" "withCallingHandlers" "process_file" "knitr::knit" "rmarkdown::render" 
"c" "my_seq" "eval" "eval" "withVisible" "withCallingHandlers" "handle" "timing_fn" "evaluate_call" "evaluate" "in_dir" "block_exec" "call_block" "process_group.block" "process_group" "withCallingHandlers" "process_file" "knitr::knit" "rmarkdown::render" 
"c" "my_seq" "eval" "eval" "withVisible" "withCallingHandlers" "handle" "timing_fn" "evaluate_call" "evaluate" "in_dir" "block_exec" "call_block" "process_group.block" "process_group" "withCallingHandlers" "process_file" "knitr::knit" "rmarkdown::render" 
"c" "my_seq" "eval" "eval" "withVisible" "withCallingHandlers" "handle" "timing_fn" "evaluate_call" "evaluate" "in_dir" "block_exec" "call_block" "process_group.block" "process_group" "withCallingHandlers" "process_file" "knitr::knit" "rmarkdown::render" 
"c" "my_seq" "eval" "eval" "withVisible" "withCallingHandlers" "handle" "timing_fn" "evaluate_call" "evaluate" "in_dir" "block_exec" "call_block" "process_group.block" "process_group" "withCallingHandlers" "process_file" "knitr::knit" "rmarkdown::render" 
"c" "my_seq" "eval" "eval" "withVisible" "withCallingHandlers" "handle" "timing_fn" "evaluate_call" "evaluate" "in_dir" "block_exec" "call_block" "process_group.block" "process_group" "withCallingHandlers" "process_file" "knitr::knit" "rmarkdown::render" 
"c" "my_seq" "eval" "eval" "withVisible" "withCallingHandlers" "handle" "timing_fn" "evaluate_call" "evaluate" "in_dir" "block_exec" "call_block" "process_group.block" "process_group" "withCallingHandlers" "process_file" "knitr::knit" "rmarkdown::render" 
"mean.default" "mean" "my_seq" "eval" "eval" "withVisible" "withCallingHandlers" "handle" "timing_fn" "evaluate_call" "evaluate" "in_dir" "block_exec" "call_block" "process_group.block" "process_group" "withCallingHandlers" "process_file" "knitr::knit" "rmarkdown::render" 
"mean.default" "mean" "my_seq" "eval" "eval" "withVisible" "withCallingHandlers" "handle" "timing_fn" "evaluate_call" "evaluate" "in_dir" "block_exec" "call_block" "process_group.block" "process_group" "withCallingHandlers" "process_file" "knitr::knit" "rmarkdown::render" 
"c" "my_seq" "eval" "eval" "withVisible" "withCallingHandlers" "handle" "timing_fn" "evaluate_call" "evaluate" "in_dir" "block_exec" "call_block" "process_group.block" "process_group" "withCallingHandlers" "process_file" "knitr::knit" "rmarkdown::render" 
"mean.default" "mean" "my_seq" "eval" "eval" "withVisible" "withCallingHandlers" "handle" "timing_fn" "evaluate_call" "evaluate" "in_dir" "block_exec" "call_block" "process_group.block" "process_group" "withCallingHandlers" "process_file" "knitr::knit" "rmarkdown::render" 
"mean.default" "mean" "my_seq" "eval" "eval" "withVisible" "withCallingHandlers" "handle" "timing_fn" "evaluate_call" "evaluate" "in_dir" "block_exec" "call_block" "process_group.block" "process_group" "withCallingHandlers" "process_file" "knitr::knit" "rmarkdown::render" 
"my_seq" "eval" "eval" "withVisible" "withCallingHandlers" "handle" "timing_fn" "evaluate_call" "evaluate" "in_dir" "block_exec" "call_block" "process_group.block" "process_group" "withCallingHandlers" "process_file" "knitr::knit" "rmarkdown::render" 
"mean.default" "mean" "my_seq" "eval" "eval" "withVisible" "withCallingHandlers" "handle" "timing_fn" "evaluate_call" "evaluate" "in_dir" "block_exec" "call_block" "process_group.block" "process_group" "withCallingHandlers" "process_file" "knitr::knit" "rmarkdown::render" 
"c" "my_seq" "eval" "eval" "withVisible" "withCallingHandlers" "handle" "timing_fn" "evaluate_call" "evaluate" "in_dir" "block_exec" "call_block" "process_group.block" "process_group" "withCallingHandlers" "process_file" "knitr::knit" "rmarkdown::render" 
"c" "my_seq" "eval" "eval" "withVisible" "withCallingHandlers" "handle" "timing_fn" "evaluate_call" "evaluate" "in_dir" "block_exec" "call_block" "process_group.block" "process_group" "withCallingHandlers" "process_file" "knitr::knit" "rmarkdown::render" 
"c" "my_seq" "eval" "eval" "withVisible" "withCallingHandlers" "handle" "timing_fn" "evaluate_call" "evaluate" "in_dir" "block_exec" "call_block" "process_group.block" "process_group" "withCallingHandlers" "process_file" "knitr::knit" "rmarkdown::render" 
"c" "my_seq" "eval" "eval" "withVisible" "withCallingHandlers" "handle" "timing_fn" "evaluate_call" "evaluate" "in_dir" "block_exec" "call_block" "process_group.block" "process_group" "withCallingHandlers" "process_file" "knitr::knit" "rmarkdown::render" 
"c" "my_seq" "eval" "eval" "withVisible" "withCallingHandlers" "handle" "timing_fn" "evaluate_call" "evaluate" "in_dir" "block_exec" "call_block" "process_group.block" "process_group" "withCallingHandlers" "process_file" "knitr::knit" "rmarkdown::render" 
"c" "my_seq" "eval" "eval" "withVisible" "withCallingHandlers" "handle" "timing_fn" "evaluate_call" "evaluate" "in_dir" "block_exec" "call_block" "process_group.block" "process_group" "withCallingHandlers" "process_file" "knitr::knit" "rmarkdown::render" 
"c" "my_seq" "eval" "eval" "withVisible" "withCallingHandlers" "handle" "timing_fn" "evaluate_call" "evaluate" "in_dir" "block_exec" "call_block" "process_group.block" "process_group" "withCallingHandlers" "process_file" "knitr::knit" "rmarkdown::render" 
"c" "my_seq" "eval" "eval" "withVisible" "withCallingHandlers" "handle" "timing_fn" "evaluate_call" "evaluate" "in_dir" "block_exec" "call_block" "process_group.block" "process_group" "withCallingHandlers" "process_file" "knitr::knit" "rmarkdown::render" 
"c" "my_seq" "eval" "eval" "withVisible" "withCallingHandlers" "handle" "timing_fn" "evaluate_call" "evaluate" "in_dir" "block_exec" "call_block" "process_group.block" "process_group" "withCallingHandlers" "process_file" "knitr::knit" "rmarkdown::render" 
"c" "my_seq" "eval" "eval" "withVisible" "withCallingHandlers" "handle" "timing_fn" "evaluate_call" "evaluate" "in_dir" "block_exec" "call_block" "process_group.block" "process_group" "withCallingHandlers" "process_file" "knitr::knit" "rmarkdown::render" 
"c" "my_seq" "eval" "eval" "withVisible" "withCallingHandlers" "handle" "timing_fn" "evaluate_call" "evaluate" "in_dir" "block_exec" "call_block" "process_group.block" "process_group" "withCallingHandlers" "process_file" "knitr::knit" "rmarkdown::render" 
"c" "my_seq" "eval" "eval" "withVisible" "withCallingHandlers" "handle" "timing_fn" "evaluate_call" "evaluate" "in_dir" "block_exec" "call_block" "process_group.block" "process_group" "withCallingHandlers" "process_file" "knitr::knit" "rmarkdown::render" 
"c" "my_seq" "eval" "eval" "withVisible" "withCallingHandlers" "handle" "timing_fn" "evaluate_call" "evaluate" "in_dir" "block_exec" "call_block" "process_group.block" "process_group" "withCallingHandlers" "process_file" "knitr::knit" "rmarkdown::render" 
"c" "my_seq" "eval" "eval" "withVisible" "withCallingHandlers" "handle" "timing_fn" "evaluate_call" "evaluate" "in_dir" "block_exec" "call_block" "process_group.block" "process_group" "withCallingHandlers" "process_file" "knitr::knit" "rmarkdown::render" 
"c" "my_seq" "eval" "eval" "withVisible" "withCallingHandlers" "handle" "timing_fn" "evaluate_call" "evaluate" "in_dir" "block_exec" "call_block" "process_group.block" "process_group" "withCallingHandlers" "process_file" "knitr::knit" "rmarkdown::render" 
"c" "my_seq" "eval" "eval" "withVisible" "withCallingHandlers" "handle" "timing_fn" "evaluate_call" "evaluate" "in_dir" "block_exec" "call_block" "process_group.block" "process_group" "withCallingHandlers" "process_file" "knitr::knit" "rmarkdown::render" 
"c" "my_seq" "eval" "eval" "withVisible" "withCallingHandlers" "handle" "timing_fn" "evaluate_call" "evaluate" "in_dir" "block_exec" "call_block" "process_group.block" "process_group" "withCallingHandlers" "process_file" "knitr::knit" "rmarkdown::render" 
"c" "my_seq" "eval" "eval" "withVisible" "withCallingHandlers" "handle" "timing_fn" "evaluate_call" "evaluate" "in_dir" "block_exec" "call_block" "process_group.block" "process_group" "withCallingHandlers" "process_file" "knitr::knit" "rmarkdown::render" 
"c" "my_seq" "eval" "eval" "withVisible" "withCallingHandlers" "handle" "timing_fn" "evaluate_call" "evaluate" "in_dir" "block_exec" "call_block" "process_group.block" "process_group" "withCallingHandlers" "process_file" "knitr::knit" "rmarkdown::render" 
"c" "my_seq" "eval" "eval" "withVisible" "withCallingHandlers" "handle" "timing_fn" "evaluate_call" "evaluate" "in_dir" "block_exec" "call_block" "process_group.block" "process_group" "withCallingHandlers" "process_file" "knitr::knit" "rmarkdown::render" 
"c" "my_seq" "eval" "eval" "withVisible" "withCallingHandlers" "handle" "timing_fn" "evaluate_call" "evaluate" "in_dir" "block_exec" "call_block" "process_group.block" "process_group" "withCallingHandlers" "process_file" "knitr::knit" "rmarkdown::render" 
"c" "my_seq" "eval" "eval" "withVisible" "withCallingHandlers" "handle" "timing_fn" "evaluate_call" "evaluate" "in_dir" "block_exec" "call_block" "process_group.block" "process_group" "withCallingHandlers" "process_file" "knitr::knit" "rmarkdown::render" 
"c" "my_seq" "eval" "eval" "withVisible" "withCallingHandlers" "handle" "timing_fn" "evaluate_call" "evaluate" "in_dir" "block_exec" "call_block" "process_group.block" "process_group" "withCallingHandlers" "process_file" "knitr::knit" "rmarkdown::render" 
"c" "my_seq" "eval" "eval" "withVisible" "withCallingHandlers" "handle" "timing_fn" "evaluate_call" "evaluate" "in_dir" "block_exec" "call_block" "process_group.block" "process_group" "withCallingHandlers" "process_file" "knitr::knit" "rmarkdown::render" 
"mean.default" "mean" "my_seq" "eval" "eval" "withVisible" "withCallingHandlers" "handle" "timing_fn" "evaluate_call" "evaluate" "in_dir" "block_exec" "call_block" "process_group.block" "process_group" "withCallingHandlers" "process_file" "knitr::knit" "rmarkdown::render" 
"c" "my_seq" "eval" "eval" "withVisible" "withCallingHandlers" "handle" "timing_fn" "evaluate_call" "evaluate" "in_dir" "block_exec" "call_block" "process_group.block" "process_group" "withCallingHandlers" "process_file" "knitr::knit" "rmarkdown::render" 
"c" "my_seq" "eval" "eval" "withVisible" "withCallingHandlers" "handle" "timing_fn" "evaluate_call" "evaluate" "in_dir" "block_exec" "call_block" "process_group.block" "process_group" "withCallingHandlers" "process_file" "knitr::knit" "rmarkdown::render" 
"c" "my_seq" "eval" "eval" "withVisible" "withCallingHandlers" "handle" "timing_fn" "evaluate_call" "evaluate" "in_dir" "block_exec" "call_block" "process_group.block" "process_group" "withCallingHandlers" "process_file" "knitr::knit" "rmarkdown::render" 
"c" "my_seq" "eval" "eval" "withVisible" "withCallingHandlers" "handle" "timing_fn" "evaluate_call" "evaluate" "in_dir" "block_exec" "call_block" "process_group.block" "process_group" "withCallingHandlers" "process_file" "knitr::knit" "rmarkdown::render" 
"c" "my_seq" "eval" "eval" "withVisible" "withCallingHandlers" "handle" "timing_fn" "evaluate_call" "evaluate" "in_dir" "block_exec" "call_block" "process_group.block" "process_group" "withCallingHandlers" "process_file" "knitr::knit" "rmarkdown::render" 
"c" "my_seq" "eval" "eval" "withVisible" "withCallingHandlers" "handle" "timing_fn" "evaluate_call" "evaluate" "in_dir" "block_exec" "call_block" "process_group.block" "process_group" "withCallingHandlers" "process_file" "knitr::knit" "rmarkdown::render" 
"c" "my_seq" "eval" "eval" "withVisible" "withCallingHandlers" "handle" "timing_fn" "evaluate_call" "evaluate" "in_dir" "block_exec" "call_block" "process_group.block" "process_group" "withCallingHandlers" "process_file" "knitr::knit" "rmarkdown::render" 
"c" "my_seq" "eval" "eval" "withVisible" "withCallingHandlers" "handle" "timing_fn" "evaluate_call" "evaluate" "in_dir" "block_exec" "call_block" "process_group.block" "process_group" "withCallingHandlers" "process_file" "knitr::knit" "rmarkdown::render" 
"c" "my_seq" "eval" "eval" "withVisible" "withCallingHandlers" "handle" "timing_fn" "evaluate_call" "evaluate" "in_dir" "block_exec" "call_block" "process_group.block" "process_group" "withCallingHandlers" "process_file" "knitr::knit" "rmarkdown::render" 
"c" "my_seq" "eval" "eval" "withVisible" "withCallingHandlers" "handle" "timing_fn" "evaluate_call" "evaluate" "in_dir" "block_exec" "call_block" "process_group.block" "process_group" "withCallingHandlers" "process_file" "knitr::knit" "rmarkdown::render" 
"c" "my_seq" "eval" "eval" "withVisible" "withCallingHandlers" "handle" "timing_fn" "evaluate_call" "evaluate" "in_dir" "block_exec" "call_block" "process_group.block" "process_group" "withCallingHandlers" "process_file" "knitr::knit" "rmarkdown::render" 
"c" "my_seq" "eval" "eval" "withVisible" "withCallingHandlers" "handle" "timing_fn" "evaluate_call" "evaluate" "in_dir" "block_exec" "call_block" "process_group.block" "process_group" "withCallingHandlers" "process_file" "knitr::knit" "rmarkdown::render" 
"mean.default" "mean" "my_seq" "eval" "eval" "withVisible" "withCallingHandlers" "handle" "timing_fn" "evaluate_call" "evaluate" "in_dir" "block_exec" "call_block" "process_group.block" "process_group" "withCallingHandlers" "process_file" "knitr::knit" "rmarkdown::render" 
"c" "my_seq" "eval" "eval" "withVisible" "withCallingHandlers" "handle" "timing_fn" "evaluate_call" "evaluate" "in_dir" "block_exec" "call_block" "process_group.block" "process_group" "withCallingHandlers" "process_file" "knitr::knit" "rmarkdown::render" 
"mean.default" "mean" "my_seq" "eval" "eval" "withVisible" "withCallingHandlers" "handle" "timing_fn" "evaluate_call" "evaluate" "in_dir" "block_exec" "call_block" "process_group.block" "process_group" "withCallingHandlers" "process_file" "knitr::knit" "rmarkdown::render" 
"c" "my_seq" "eval" "eval" "withVisible" "withCallingHandlers" "handle" "timing_fn" "evaluate_call" "evaluate" "in_dir" "block_exec" "call_block" "process_group.block" "process_group" "withCallingHandlers" "process_file" "knitr::knit" "rmarkdown::render" 
"c" "my_seq" "eval" "eval" "withVisible" "withCallingHandlers" "handle" "timing_fn" "evaluate_call" "evaluate" "in_dir" "block_exec" "call_block" "process_group.block" "process_group" "withCallingHandlers" "process_file" "knitr::knit" "rmarkdown::render" 
"c" "my_seq" "eval" "eval" "withVisible" "withCallingHandlers" "handle" "timing_fn" "evaluate_call" "evaluate" "in_dir" "block_exec" "call_block" "process_group.block" "process_group" "withCallingHandlers" "process_file" "knitr::knit" "rmarkdown::render" 
"c" "my_seq" "eval" "eval" "withVisible" "withCallingHandlers" "handle" "timing_fn" "evaluate_call" "evaluate" "in_dir" "block_exec" "call_block" "process_group.block" "process_group" "withCallingHandlers" "process_file" "knitr::knit" "rmarkdown::render" 
"c" "my_seq" "eval" "eval" "withVisible" "withCallingHandlers" "handle" "timing_fn" "evaluate_call" "evaluate" "in_dir" "block_exec" "call_block" "process_group.block" "process_group" "withCallingHandlers" "process_file" "knitr::knit" "rmarkdown::render" 
"c" "my_seq" "eval" "eval" "withVisible" "withCallingHandlers" "handle" "timing_fn" "evaluate_call" "evaluate" "in_dir" "block_exec" "call_block" "process_group.block" "process_group" "withCallingHandlers" "process_file" "knitr::knit" "rmarkdown::render" 
"c" "my_seq" "eval" "eval" "withVisible" "withCallingHandlers" "handle" "timing_fn" "evaluate_call" "evaluate" "in_dir" "block_exec" "call_block" "process_group.block" "process_group" "withCallingHandlers" "process_file" "knitr::knit" "rmarkdown::render" 
"c" "my_seq" "eval" "eval" "withVisible" "withCallingHandlers" "handle" "timing_fn" "evaluate_call" "evaluate" "in_dir" "block_exec" "call_block" "process_group.block" "process_group" "withCallingHandlers" "process_file" "knitr::knit" "rmarkdown::render" 
"c" "my_seq" "eval" "eval" "withVisible" "withCallingHandlers" "handle" "timing_fn" "evaluate_call" "evaluate" "in_dir" "block_exec" "call_block" "process_group.block" "process_group" "withCallingHandlers" "process_file" "knitr::knit" "rmarkdown::render" 
"c" "my_seq" "eval" "eval" "withVisible" "withCallingHandlers" "handle" "timing_fn" "evaluate_call" "evaluate" "in_dir" "block_exec" "call_block" "process_group.block" "process_group" "withCallingHandlers" "process_file" "knitr::knit" "rmarkdown::render" 
"c" "my_seq" "eval" "eval" "withVisible" "withCallingHandlers" "handle" "timing_fn" "evaluate_call" "evaluate" "in_dir" "block_exec" "call_block" "process_group.block" "process_group" "withCallingHandlers" "process_file" "knitr::knit" "rmarkdown::render" 
"c" "my_seq" "eval" "eval" "withVisible" "withCallingHandlers" "handle" "timing_fn" "evaluate_call" "evaluate" "in_dir" "block_exec" "call_block" "process_group.block" "process_group" "withCallingHandlers" "process_file" "knitr::knit" "rmarkdown::render" 
"mean.default" "mean" "my_seq" "eval" "eval" "withVisible" "withCallingHandlers" "handle" "timing_fn" "evaluate_call" "evaluate" "in_dir" "block_exec" "call_block" "process_group.block" "process_group" "withCallingHandlers" "process_file" "knitr::knit" "rmarkdown::render" 
"mean" "my_seq" "eval" "eval" "withVisible" "withCallingHandlers" "handle" "timing_fn" "evaluate_call" "evaluate" "in_dir" "block_exec" "call_block" "process_group.block" "process_group" "withCallingHandlers" "process_file" "knitr::knit" "rmarkdown::render" 
"c" "my_seq" "eval" "eval" "withVisible" "withCallingHandlers" "handle" "timing_fn" "evaluate_call" "evaluate" "in_dir" "block_exec" "call_block" "process_group.block" "process_group" "withCallingHandlers" "process_file" "knitr::knit" "rmarkdown::render" 
"c" "my_seq" "eval" "eval" "withVisible" "withCallingHandlers" "handle" "timing_fn" "evaluate_call" "evaluate" "in_dir" "block_exec" "call_block" "process_group.block" "process_group" "withCallingHandlers" "process_file" "knitr::knit" "rmarkdown::render" 
"c" "my_seq" "eval" "eval" "withVisible" "withCallingHandlers" "handle" "timing_fn" "evaluate_call" "evaluate" "in_dir" "block_exec" "call_block" "process_group.block" "process_group" "withCallingHandlers" "process_file" "knitr::knit" "rmarkdown::render" 
"c" "my_seq" "eval" "eval" "withVisible" "withCallingHandlers" "handle" "timing_fn" "evaluate_call" "evaluate" "in_dir" "block_exec" "call_block" "process_group.block" "process_group" "withCallingHandlers" "process_file" "knitr::knit" "rmarkdown::render" 
"c" "my_seq" "eval" "eval" "withVisible" "withCallingHandlers" "handle" "timing_fn" "evaluate_call" "evaluate" "in_dir" "block_exec" "call_block" "process_group.block" "process_group" "withCallingHandlers" "process_file" "knitr::knit" "rmarkdown::render" 
"c" "my_seq" "eval" "eval" "withVisible" "withCallingHandlers" "handle" "timing_fn" "evaluate_call" "evaluate" "in_dir" "block_exec" "call_block" "process_group.block" "process_group" "withCallingHandlers" "process_file" "knitr::knit" "rmarkdown::render" 
"c" "my_seq" "eval" "eval" "withVisible" "withCallingHandlers" "handle" "timing_fn" "evaluate_call" "evaluate" "in_dir" "block_exec" "call_block" "process_group.block" "process_group" "withCallingHandlers" "process_file" "knitr::knit" "rmarkdown::render" 
"c" "my_seq" "eval" "eval" "withVisible" "withCallingHandlers" "handle" "timing_fn" "evaluate_call" "evaluate" "in_dir" "block_exec" "call_block" "process_group.block" "process_group" "withCallingHandlers" "process_file" "knitr::knit" "rmarkdown::render" 
"strsplit" "lapply" ".make_numeric_version" "R_system_version" "package_version" "getRversion" "recordPlot" "plot_snapshot" "w$get_new" "handle_output" "evaluate_call" "evaluate" "in_dir" "block_exec" "call_block" "process_group.block" "process_group" "withCallingHandlers" "process_file" "knitr::knit" "rmarkdown::render" 
